[    0.000000] Initializing cgroup subsys cpuset
[    0.000000] Initializing cgroup subsys cpu
[    0.000000] Initializing cgroup subsys cpuacct
[    0.000000] Linux version 4.4.0-210-generic (buildd@lgw01-amd64-009) (gcc version 5.4.0 20160609 (Ubuntu 5.4.0-6ubuntu1~16.04.12) ) #242-Ubuntu SMP Fri Apr 16 09:57:56 UTC 2021 (Ubuntu 4.4.0-210.242-generic 4.4.262)
[    0.000000] Command line: BOOT_IMAGE=/boot/vmlinuz-4.4.0-210-generic root=LABEL=cloudimg-rootfs ro console=tty1 console=ttyS0
[    0.000000] KERNEL supported cpus:
[    0.000000]   Intel GenuineIntel
[    0.000000]   AMD AuthenticAMD
[    0.000000]   Centaur CentaurHauls
[    0.000000] x86/fpu: xstate_offset[2]:  576, xstate_sizes[2]:  256
[    0.000000] x86/fpu: Supporting XSAVE feature 0x01: 'x87 floating point registers'
[    0.000000] x86/fpu: Supporting XSAVE feature 0x02: 'SSE registers'
[    0.000000] x86/fpu: Supporting XSAVE feature 0x04: 'AVX registers'
[    0.000000] x86/fpu: Enabled xstate features 0x7, context size is 832 bytes, using 'standard' format.
[    0.000000] e820: BIOS-provided physical RAM map:
[    0.000000] BIOS-e820: [mem 0x0000000000000000-0x000000000009fbff] usable
[    0.000000] BIOS-e820: [mem 0x000000000009fc00-0x000000000009ffff] reserved
[    0.000000] BIOS-e820: [mem 0x00000000000f0000-0x00000000000fffff] reserved
[    0.000000] BIOS-e820: [mem 0x0000000000100000-0x000000003ffeffff] usable
[    0.000000] BIOS-e820: [mem 0x000000003fff0000-0x000000003fffffff] ACPI data
[    0.000000] BIOS-e820: [mem 0x00000000fec00000-0x00000000fec00fff] reserved
[    0.000000] BIOS-e820: [mem 0x00000000fee00000-0x00000000fee00fff] reserved
[    0.000000] BIOS-e820: [mem 0x00000000fffc0000-0x00000000ffffffff] reserved
[    0.000000] NX (Execute Disable) protection: active
[    0.000000] SMBIOS 2.5 present.
[    0.000000] Hypervisor detected: KVM
[    0.000000] e820: last_pfn = 0x3fff0 max_arch_pfn = 0x400000000
[    0.000000] MTRR: Disabled
[    0.000000] x86/PAT: MTRRs disabled, skipping PAT initialization too.
[    0.000000] CPU MTRRs all blank - virtualized system.
[    0.000000] x86/PAT: Configuration [0-7]: WB  WT  UC- UC  WB  WT  UC- UC  
[    0.000000] found SMP MP-table at [mem 0x0009fff0-0x0009ffff] mapped at [ffff88000009fff0]
[    0.000000] Scanning 1 areas for low memory corruption
[    0.000000] RAMDISK: [mem 0x362dc000-0x37165fff]
[    0.000000] ACPI: Early table checksum verification disabled
[    0.000000] ACPI: RSDP 0x00000000000E0000 000024 (v02 VBOX  )
[    0.000000] ACPI: XSDT 0x000000003FFF0030 00003C (v01 VBOX   VBOXXSDT 00000001 ASL  00000061)
[    0.000000] ACPI: FACP 0x000000003FFF00F0 0000F4 (v04 VBOX   VBOXFACP 00000001 ASL  00000061)
[    0.000000] ACPI: DSDT 0x000000003FFF0470 002325 (v02 VBOX   VBOXBIOS 00000002 INTL 20100528)
[    0.000000] ACPI: FACS 0x000000003FFF0200 000040
[    0.000000] ACPI: FACS 0x000000003FFF0200 000040
[    0.000000] ACPI: APIC 0x000000003FFF0240 00005C (v02 VBOX   VBOXAPIC 00000001 ASL  00000061)
[    0.000000] ACPI: SSDT 0x000000003FFF02A0 0001CC (v01 VBOX   VBOXCPUT 00000002 INTL 20100528)
[    0.000000] No NUMA configuration found
[    0.000000] Faking a node at [mem 0x0000000000000000-0x000000003ffeffff]
[    0.000000] NODE_DATA(0) allocated [mem 0x3ffeb000-0x3ffeffff]
[    0.000000] kvm-clock: Using msrs 4b564d01 and 4b564d00
[    0.000000] kvm-clock: cpu 0, msr 0:3ffe3001, primary cpu clock
[    0.000000] kvm-clock: using sched offset of 5149795488 cycles
[    0.000000] clocksource: kvm-clock: mask: 0xffffffffffffffff max_cycles: 0x1cd42e4dffb, max_idle_ns: 881590591483 ns
[    0.000000] Zone ranges:
[    0.000000]   DMA      [mem 0x0000000000001000-0x0000000000ffffff]
[    0.000000]   DMA32    [mem 0x0000000001000000-0x000000003ffeffff]
[    0.000000]   Normal   empty
[    0.000000]   Device   empty
[    0.000000] Movable zone start for each node
[    0.000000] Early memory node ranges
[    0.000000]   node   0: [mem 0x0000000000001000-0x000000000009efff]
[    0.000000]   node   0: [mem 0x0000000000100000-0x000000003ffeffff]
[    0.000000] Initmem setup node 0 [mem 0x0000000000001000-0x000000003ffeffff]
[    0.000000] ACPI: PM-Timer IO Port: 0x4008
[    0.000000] IOAPIC[0]: apic_id 2, version 32, address 0xfec00000, GSI 0-23
[    0.000000] ACPI: INT_SRC_OVR (bus 0 bus_irq 0 global_irq 2 dfl dfl)
[    0.000000] ACPI: INT_SRC_OVR (bus 0 bus_irq 9 global_irq 9 low level)
[    0.000000] Using ACPI (MADT) for SMP configuration information
[    0.000000] smpboot: Allowing 2 CPUs, 0 hotplug CPUs
[    0.000000] PM: Registered nosave memory: [mem 0x00000000-0x00000fff]
[    0.000000] PM: Registered nosave memory: [mem 0x0009f000-0x0009ffff]
[    0.000000] PM: Registered nosave memory: [mem 0x000a0000-0x000effff]
[    0.000000] PM: Registered nosave memory: [mem 0x000f0000-0x000fffff]
[    0.000000] e820: [mem 0x40000000-0xfebfffff] available for PCI devices
[    0.000000] Booting paravirtualized kernel on KVM
[    0.000000] clocksource: refined-jiffies: mask: 0xffffffff max_cycles: 0xffffffff, max_idle_ns: 7645519600211568 ns
[    0.000000] setup_percpu: NR_CPUS:512 nr_cpumask_bits:512 nr_cpu_ids:2 nr_node_ids:1
[    0.000000] PERCPU: Embedded 33 pages/cpu @ffff88003fc00000 s95192 r8192 d31784 u1048576
[    0.000000] Built 1 zonelists in Node order, mobility grouping on.  Total pages: 257912
[    0.000000] Policy zone: DMA32
[    0.000000] Kernel command line: BOOT_IMAGE=/boot/vmlinuz-4.4.0-210-generic root=LABEL=cloudimg-rootfs ro console=tty1 console=ttyS0
[    0.000000] PID hash table entries: 4096 (order: 3, 32768 bytes)
[    0.000000] Memory: 997792K/1048120K available (8644K kernel code, 1332K rwdata, 4044K rodata, 1492K init, 1164K bss, 50328K reserved, 0K cma-reserved)
[    0.000000] SLUB: HWalign=64, Order=0-3, MinObjects=0, CPUs=2, Nodes=1
[    0.000000] Kernel/User page tables isolation: enabled
[    0.000000] Hierarchical RCU implementation.
[    0.000000] 	Build-time adjustment of leaf fanout to 64.
[    0.000000] 	RCU restricting CPUs from NR_CPUS=512 to nr_cpu_ids=2.
[    0.000000] RCU: Adjusting geometry for rcu_fanout_leaf=64, nr_cpu_ids=2
[    0.000000] NR_IRQS:33024 nr_irqs:440 16
[    0.000000] Console: colour VGA+ 80x25
[    0.000000] console [tty1] enabled
[    0.000000] console [ttyS0] enabled
[    0.000000] tsc: Detected 2693.894 MHz processor
[    0.512387] Calibrating delay loop (skipped) preset value.. 5387.78 BogoMIPS (lpj=10775576)
[    0.518320] pid_max: default: 32768 minimum: 301
[    0.521681] ACPI: Core revision 20150930
[    0.530181] ACPI: 2 ACPI AML tables successfully acquired and loaded
[    0.534486] Security Framework initialized
[    0.537107] Yama: becoming mindful.
[    0.539672] AppArmor: AppArmor initialized
[    0.542712] Dentry cache hash table entries: 131072 (order: 8, 1048576 bytes)
[    0.550660] Inode-cache hash table entries: 65536 (order: 7, 524288 bytes)
[    0.555396] Mount-cache hash table entries: 2048 (order: 2, 16384 bytes)
[    0.558923] Mountpoint-cache hash table entries: 2048 (order: 2, 16384 bytes)
[    0.563288] Initializing cgroup subsys io
[    0.565780] Initializing cgroup subsys memory
[    0.568810] Initializing cgroup subsys devices
[    0.571761] Initializing cgroup subsys freezer
[    0.574557] Initializing cgroup subsys net_cls
[    0.577810] Initializing cgroup subsys perf_event
[    0.581115] Initializing cgroup subsys net_prio
[    0.584235] Initializing cgroup subsys hugetlb
[    0.587729] Initializing cgroup subsys pids
[    0.590933] mce: CPU supports 0 MCE banks
[    0.594298] Last level iTLB entries: 4KB 512, 2MB 8, 4MB 8
[    0.597913] Last level dTLB entries: 4KB 512, 2MB 32, 4MB 32, 1GB 0
[    0.603445] Spectre V1 : Mitigation: usercopy/swapgs barriers and __user pointer sanitization
[    0.610805] Spectre V2 : Mitigation: Full generic retpoline
[    0.613974] Spectre V2 : Spectre v2 / SpectreRSB mitigation: Filling RSB on context switch
[    0.619200] Speculative Store Bypass: Vulnerable
[    0.622584] MDS: Mitigation: Clear CPU buffers
[    0.633176] Freeing SMP alternatives memory: 36K
[    0.653979] ftrace: allocating 32380 entries in 127 pages
[    0.822023] smpboot: APIC(0) Converting physical 0 to logical package 0
[    0.827962] smpboot: Max logical packages: 1
[    0.831266] x2apic enabled
[    0.833478] Switched APIC routing to physical x2apic.
[    0.839445] ..TIMER: vector=0x30 apic1=0 pin1=2 apic2=-1 pin2=-1
[    0.951292] smpboot: CPU0: Intel(R) Core(TM) i7-2620M CPU @ 2.70GHz (family: 0x6, model: 0x2a, stepping: 0x7)
[    0.957846] Performance Events: unsupported p6 CPU model 42 no PMU driver, software events only.
[    0.987074] KVM setup paravirtual spinlock
[    0.991831] x86: Booting SMP configuration:
[    0.996895] .... node  #0, CPUs:      #1
[    0.999483] kvm-clock: cpu 1, msr 0:3ffe3041, secondary cpu clock
[    1.003117] mce: CPU supports 0 MCE banks
[    1.008376] x86: Booted up 1 node, 2 CPUs
[    1.012065] smpboot: Total of 2 processors activated (10775.57 BogoMIPS)
[    1.017683] devtmpfs: initialized
[    1.034916] evm: security.selinux
[    1.037532] evm: security.SMACK64
[    1.040086] evm: security.SMACK64EXEC
[    1.042643] evm: security.SMACK64TRANSMUTE
[    1.045620] evm: security.SMACK64MMAP
[    1.048191] evm: security.ima
[    1.052151] evm: security.capability
[    1.055121] clocksource: jiffies: mask: 0xffffffff max_cycles: 0xffffffff, max_idle_ns: 7645041785100000 ns
[    1.061677] futex hash table entries: 512 (order: 3, 32768 bytes)
[    1.065474] pinctrl core: initialized pinctrl subsystem
[    1.069889] RTC time:  7:20:21, date: 10/04/22
[    1.073998] NET: Registered protocol family 16
[    1.091476] cpuidle: using governor ladder
[    1.104954] cpuidle: using governor menu
[    1.107891] PCCT header not found.
[    1.110607] ACPI: bus type PCI registered
[    1.113550] acpiphp: ACPI Hot Plug PCI Controller Driver version: 0.5
[    1.118003] PCI: Using configuration type 1 for base access
[    1.137656] ACPI: Added _OSI(Module Device)
[    1.140648] ACPI: Added _OSI(Processor Device)
[    1.143736] ACPI: Added _OSI(3.0 _SCP Extensions)
[    1.147080] ACPI: Added _OSI(Processor Aggregator Device)
[    1.153203] ACPI: Executed 1 blocks of module-level executable AML code
[    1.165534] ACPI: Interpreter enabled
[    1.168567] ACPI: (supports S0 S5)
[    1.171986] ACPI: Using IOAPIC for interrupt routing
[    1.175788] PCI: Using host bridge windows from ACPI; if necessary, use "pci=nocrs" and report a bug
[    1.194763] ACPI: PCI Root Bridge [PCI0] (domain 0000 [bus 00-ff])
[    1.198653] acpi PNP0A03:00: _OSC: OS supports [ASPM ClockPM Segments MSI]
[    1.204158] acpi PNP0A03:00: _OSC: not requesting OS control; OS requires [ExtendedConfig ASPM ClockPM MSI]
[    1.210746] acpi PNP0A03:00: fail to add MMCONFIG information, can't access extended PCI configuration space under this bridge.
[    1.219682] PCI host bridge to bus 0000:00
[    1.222504] pci_bus 0000:00: root bus resource [io  0x0000-0x0cf7 window]
[    1.228736] pci_bus 0000:00: root bus resource [io  0x0d00-0xffff window]
[    1.232272] pci_bus 0000:00: root bus resource [mem 0x000a0000-0x000bffff window]
[    1.236856] pci_bus 0000:00: root bus resource [mem 0x40000000-0xfdffffff window]
[    1.241209] pci_bus 0000:00: root bus resource [bus 00-ff]
[    1.249857] pci 0000:00:01.1: legacy IDE quirk: reg 0x10: [io  0x01f0-0x01f7]
[    1.254330] pci 0000:00:01.1: legacy IDE quirk: reg 0x14: [io  0x03f6]
[    1.258553] pci 0000:00:01.1: legacy IDE quirk: reg 0x18: [io  0x0170-0x0177]
[    1.262607] pci 0000:00:01.1: legacy IDE quirk: reg 0x1c: [io  0x0376]
[    1.339009] pci 0000:00:07.0: quirk: [io  0x4000-0x403f] claimed by PIIX4 ACPI
[    1.344063] pci 0000:00:07.0: quirk: [io  0x4100-0x410f] claimed by PIIX4 SMB
[    1.362129] ACPI: PCI Interrupt Link [LNKA] (IRQs 5 9 10 *11)
[    1.367974] ACPI: PCI Interrupt Link [LNKB] (IRQs 5 9 *10 11)
[    1.372438] ACPI: PCI Interrupt Link [LNKC] (IRQs 5 *9 10 11)
[    1.377129] ACPI: PCI Interrupt Link [LNKD] (IRQs 5 9 10 *11)
[    1.382113] ACPI: Enabled 2 GPEs in block 00 to 07
[    1.386424] vgaarb: setting as boot device: PCI:0000:00:02.0
[    1.390097] vgaarb: device added: PCI:0000:00:02.0,decodes=io+mem,owns=io+mem,locks=none
[    1.395526] vgaarb: loaded
[    1.397290] vgaarb: bridge control possible 0000:00:02.0
[    1.400871] SCSI subsystem initialized
[    1.403462] ACPI: bus type USB registered
[    1.406226] usbcore: registered new interface driver usbfs
[    1.409441] usbcore: registered new interface driver hub
[    1.413239] usbcore: registered new device driver usb
[    1.419365] PCI: Using ACPI for IRQ routing
[    1.423732] NetLabel: Initializing
[    1.426582] NetLabel:  domain hash size = 128
[    1.429636] NetLabel:  protocols = UNLABELED CIPSOv4
[    1.433080] NetLabel:  unlabeled traffic allowed by default
[    1.437541] amd_nb: Cannot enumerate AMD northbridges
[    1.441821] clocksource: Switched to clocksource kvm-clock
[    1.469338] AppArmor: AppArmor Filesystem Enabled
[    1.472813] pnp: PnP ACPI init
[    1.478034] pnp: PnP ACPI: found 3 devices
[    1.494826] clocksource: acpi_pm: mask: 0xffffff max_cycles: 0xffffff, max_idle_ns: 2085701024 ns
[    1.499990] NET: Registered protocol family 2
[    1.502982] TCP established hash table entries: 8192 (order: 4, 65536 bytes)
[    1.506946] TCP bind hash table entries: 8192 (order: 5, 131072 bytes)
[    1.510915] TCP: Hash tables configured (established 8192 bind 8192)
[    1.514676] UDP hash table entries: 512 (order: 2, 16384 bytes)
[    1.518515] UDP-Lite hash table entries: 512 (order: 2, 16384 bytes)
[    1.522195] NET: Registered protocol family 1
[    1.525308] pci 0000:00:00.0: Limiting direct PCI/PCI transfers
[    1.529147] pci 0000:00:01.0: Activating ISA DMA hang workarounds
[    1.533412] Unpacking initramfs...
[    2.118498] Freeing initrd memory: 14888K
[    2.122285] RAPL PMU detected, API unit is 2^-32 Joules, 3 fixed counters 10737418240 ms ovfl timer
[    2.128633] hw unit of domain pp0-core 2^-0 Joules
[    2.131941] hw unit of domain package 2^-0 Joules
[    2.135292] hw unit of domain pp1-gpu 2^-0 Joules
[    2.137915] clocksource: tsc: mask: 0xffffffffffffffff max_cycles: 0x26d4b64c575, max_idle_ns: 440795270905 ns
[    2.144467] platform rtc_cmos: registered platform RTC device (no PNP device found)
[    2.148930] Scanning for low memory corruption every 60 seconds
[    2.152964] audit: initializing netlink subsys (disabled)
[    2.156199] audit: type=2000 audit(1664868028.671:1): initialized
[    2.160205] Initialise system trusted keyring
[    2.163090] HugeTLB registered 2 MB page size, pre-allocated 0 pages
[    2.169683] zbud: loaded
[    2.172721] VFS: Disk quotas dquot_6.6.0
[    2.175640] VFS: Dquot-cache hash table entries: 512 (order 0, 4096 bytes)
[    2.181007] squashfs: version 4.0 (2009/01/31) Phillip Lougher
[    2.185595] fuse init (API version 7.23)
[    2.188683] Key type big_key registered
[    2.191122] Allocating IMA MOK and blacklist keyrings.
[    2.195798] Key type asymmetric registered
[    2.198654] Asymmetric key parser 'x509' registered
[    2.202579] Block layer SCSI generic (bsg) driver version 0.4 loaded (major 249)
[    2.208195] io scheduler noop registered
[    2.210627] io scheduler deadline registered (default)
[    2.213799] io scheduler cfq registered
[    2.216771] pci_hotplug: PCI Hot Plug PCI Core version: 0.5
[    2.220455] pciehp: PCI Express Hot Plug Controller Driver version: 0.4
[    2.224729] ACPI: AC Adapter [AC] (on-line)
[    2.227876] input: Power Button as /devices/LNXSYSTM:00/LNXPWRBN:00/input/input0
[    2.234133] ACPI: Power Button [PWRF]
[    2.236991] input: Sleep Button as /devices/LNXSYSTM:00/LNXSLPBN:00/input/input1
[    2.242535] ACPI: Sleep Button [SLPF]
[    2.247536] ACPI: Battery Slot [BAT0] (battery present)
[    2.250358] GHES: HEST is not enabled!
[    2.253870] Serial: 8250/16550 driver, 32 ports, IRQ sharing enabled
[    2.279831] 00:02: ttyS0 at I/O 0x3f8 (irq = 4, base_baud = 115200) is a 16550A
[    2.294103] Linux agpgart interface v0.103
[    2.302402] loop: module loaded
[    2.306613] scsi host0: ata_piix
[    2.310162] scsi host1: ata_piix
[    2.312461] ata1: PATA max UDMA/33 cmd 0x1f0 ctl 0x3f6 bmdma 0xd000 irq 14
[    2.316341] ata2: PATA max UDMA/33 cmd 0x170 ctl 0x376 bmdma 0xd008 irq 15
[    2.322181] libphy: Fixed MDIO Bus: probed
[    2.326716] tun: Universal TUN/TAP device driver, 1.6
[    2.329932] tun: (C) 1999-2004 Max Krasnyansky <maxk@qualcomm.com>
[    2.334726] PPP generic driver version 2.4.2
[    2.338142] ehci_hcd: USB 2.0 'Enhanced' Host Controller (EHCI) Driver
[    2.342542] ehci-pci: EHCI PCI platform driver
[    2.345927] ehci-platform: EHCI generic platform driver
[    2.349429] ohci_hcd: USB 1.1 'Open' Host Controller (OHCI) Driver
[    2.353327] ohci-pci: OHCI PCI platform driver
[    2.356722] ohci-platform: OHCI generic platform driver
[    2.360081] uhci_hcd: USB Universal Host Controller Interface driver
[    2.364287] i8042: PNP: PS/2 Controller [PNP0303:PS2K,PNP0f03:PS2M] at 0x60,0x64 irq 1,12
[    2.372683] serio: i8042 KBD port at 0x60,0x64 irq 1
[    2.376139] serio: i8042 AUX port at 0x60,0x64 irq 12
[    2.380527] mousedev: PS/2 mouse device common for all mice
[    2.384830] input: AT Translated Set 2 keyboard as /devices/platform/i8042/serio0/input/input2
[    2.390989] rtc_cmos rtc_cmos: rtc core: registered rtc_cmos as rtc0
[    2.391176] rtc_cmos rtc_cmos: alarms up to one day, 114 bytes nvram
[    2.391257] i2c /dev entries driver
[    2.391413] device-mapper: uevent: version 1.0.3
[    2.391587] device-mapper: ioctl: 4.34.0-ioctl (2015-10-28) initialised: dm-devel@redhat.com
[    2.391636] ledtrig-cpu: registered to indicate activity on CPUs
[    2.392600] NET: Registered protocol family 10
[    2.393038] NET: Registered protocol family 17
[    2.393060] Key type dns_resolver registered
[    2.394034] registered taskstats version 1
[    2.394064] Loading compiled-in X.509 certificates
[    2.395474] Loaded X.509 cert 'Build time autogenerated kernel key: cf00e047681d67edb2720680708b7d9498083038'
[    2.395520] zswap: loaded using pool lzo/zbud
[    2.400694] Key type trusted registered
[    2.409392] Key type encrypted registered
[    2.409408] AppArmor: AppArmor sha1 policy hashing enabled
[    2.409414] ima: No TPM chip found, activating TPM-bypass!
[    2.409425] ima: Allocated hash algorithm: sha1
[    2.409452] evm: HMAC attrs: 0x1
[    2.410061]   Magic number: 10:336:318
[    2.410091] tty tty43: hash matches
[    2.412289] rtc_cmos rtc_cmos: setting system clock to 2022-10-04 07:20:22 UTC (1664868022)
[    2.412487] BIOS EDD facility v0.16 2004-Jun-25, 0 devices found
[    2.412488] EDD information not available.
[    2.513820] Freeing unused kernel memory: 1492K
[    2.526605] Write protecting the kernel read-only data: 14336k
[    2.530694] Freeing unused kernel memory: 1584K
[    2.533737] Freeing unused kernel memory: 52K
Loading, please wait...
starting version 229
[    2.567272] random: systemd-udevd: uninitialized urandom read (16 bytes read, 3 bits of entropy available)
[    2.569020] random: udevadm: uninitialized urandom read (16 bytes read, 3 bits of entropy available)
[    2.569077] random: udevadm: uninitialized urandom read (16 bytes read, 3 bits of entropy available)
[    2.591772] random: systemd-udevd: uninitialized urandom read (16 bytes read, 3 bits of entropy available)
[    2.598683] random: systemd-udevd: uninitialized urandom read (16 bytes read, 3 bits of entropy available)
[    2.605498] random: systemd-udevd: uninitialized urandom read (16 bytes read, 3 bits of entropy available)
[    2.607696] random: udevadm: uninitialized urandom read (16 bytes read, 3 bits of entropy available)
[    2.607838] random: udevadm: uninitialized urandom read (16 bytes read, 3 bits of entropy available)
[    2.608304] random: udevadm: uninitialized urandom read (16 bytes read, 3 bits of entropy available)
[    2.608498] random: udevadm: uninitialized urandom read (16 bytes read, 3 bits of entropy available)
[    2.789787] Fusion MPT base driver 3.04.20
[    2.792667] Copyright (c) 1999-2008 LSI Corporation
[    2.828320] e1000: Intel(R) PRO/1000 Network Driver - version 7.3.21-k8-NAPI
[    2.833208] e1000: Copyright (c) 1999-2006 Intel Corporation.
[    2.854801] Fusion MPT SPI Host driver 3.04.20
[    2.872327] mptbase: ioc0: Initiating bringup
[    2.896935] AVX version of gcm_enc/dec engaged.
[    2.899927] AES CTR mode by8 optimization enabled
[    2.938949] ioc0: LSI53C1030 A0: Capabilities={Initiator}
[    2.990367] input: ImExPS/2 Generic Explorer Mouse as /devices/platform/i8042/serio1/input/input4
[    3.109341] scsi host2: ioc0: LSI53C1030 A0, FwRev=00000000h, Ports=1, MaxQ=256, IRQ=20
[    3.227882] scsi 2:0:0:0: Direct-Access     VBOX     HARDDISK         1.0  PQ: 0 ANSI: 5
[    3.233102] scsi target2:0:0: Beginning Domain Validation
[    3.238920] scsi target2:0:0: Domain Validation skipping write tests
[    3.243008] scsi target2:0:0: Ending Domain Validation
[    3.246640] scsi target2:0:0: asynchronous
[    3.250449] scsi 2:0:1:0: Direct-Access     VBOX     HARDDISK         1.0  PQ: 0 ANSI: 5
[    3.255969] scsi target2:0:1: Beginning Domain Validation
[    3.303190] scsi target2:0:1: Domain Validation skipping write tests
[    3.307531] scsi target2:0:1: Ending Domain Validation
[    3.311418] scsi target2:0:1: asynchronous
[    3.332298] sd 2:0:0:0: Attached scsi generic sg0 type 0
[    3.335805] sd 2:0:0:0: [sda] 83886080 512-byte logical blocks: (42.9 GB/40.0 GiB)
[    3.342783] sd 2:0:1:0: [sdb] 20480 512-byte logical blocks: (10.5 MB/10.0 MiB)
[    3.348463] sd 2:0:1:0: Attached scsi generic sg1 type 0
[    3.353275] sd 2:0:0:0: [sda] Write Protect is off
[    3.356643] sd 2:0:1:0: [sdb] Write Protect is off
[    3.360931] sd 2:0:0:0: [sda] Incomplete mode parameter data
[    3.364626] sd 2:0:0:0: [sda] Assuming drive cache: write through
[    3.368397] sd 2:0:1:0: [sdb] Incomplete mode parameter data
[    3.372330] sd 2:0:1:0: [sdb] Assuming drive cache: write through
[    3.409106]  sda: sda1
[    3.413595] sd 2:0:0:0: [sda] Attached SCSI disk
[    3.433683] sd 2:0:1:0: [sdb] Attached SCSI disk
[    3.871122] e1000 0000:00:03.0 eth0: (PCI:33MHz:32-bit) 02:be:82:6b:cc:1d
[    3.875248] e1000 0000:00:03.0 eth0: Intel(R) PRO/1000 Network Connection
[    3.881425] e1000 0000:00:03.0 enp0s3: renamed from eth0
Begin: Loading essential drivers ... [    6.184771] md: linear personality registered for level -1
[    6.193050] md: multipath personality registered for level -4
[    6.201201] md: raid0 personality registered for level 0
[    6.213813] md: raid1 personality registered for level 1
[    6.293897] raid6: sse2x1   gen()  1928 MB/s
[    6.361945] raid6: sse2x1   xor()  1340 MB/s
[    6.429931] raid6: sse2x2   gen()  3472 MB/s
[    6.497907] raid6: sse2x2   xor()  2171 MB/s
[    6.565862] raid6: sse2x4   gen()  5236 MB/s
[    6.633946] raid6: sse2x4   xor()  3115 MB/s
[    6.636606] raid6: using algorithm sse2x4 gen() 5236 MB/s
[    6.640001] raid6: .... xor() 3115 MB/s, rmw enabled
[    6.643001] raid6: using ssse3x2 recovery algorithm
[    6.650019] xor: automatically using best checksumming function:
[    6.689930]    avx       : 13518.000 MB/sec
[    6.695101] async_tx: api initialized (async)
[    6.720797] md: raid6 personality registered for level 6
[    6.724164] md: raid5 personality registered for level 5
[    6.727470] md: raid4 personality registered for level 4
[    6.751900] md: raid10 personality registered for level 10
done.
Begin: Running /scripts/init-premount ... done.
Begin: Mounting root file system ... Begin: Running /scripts/local-top ... done.
Begin: Running /scripts/local-premount ... [    6.846874] Btrfs loaded
Scanning for Btrfs filesystems
done.
Warning: fsck not present, so skipping root file system
[    6.997742] EXT4-fs (sda1): mounted filesystem with ordered data mode. Opts: (null)
done.
Begin: Running /scripts/local-bottom ... done.
Begin: Running /scripts/init-bottom ... done.
[    8.007951] random: nonblocking pool is initialized
[    8.101467] systemd[1]: systemd 229 running in system mode. (+PAM +AUDIT +SELINUX +IMA +APPARMOR +SMACK +SYSVINIT +UTMP +LIBCRYPTSETUP +GCRYPT +GNUTLS +ACL +XZ -LZ4 +SECCOMP +BLKID +ELFUTILS +KMOD -IDN)
[    8.112989] systemd[1]: Detected virtualization oracle.
[    8.116371] systemd[1]: Detected architecture x86-64.

Welcome to [1mUbuntu 16.04.7 LTS[0m!

[    8.211924] systemd[1]: Set hostname to <ubuntu>.
[    8.248431] systemd[1]: Initializing machine ID from random generator.
[    8.257518] systemd[1]: Installed transient /etc/machine-id file.
[    9.847793] systemd[1]: Created slice User and Session Slice.
[[0;32m  OK  [0m] Created slice User and Session Slice.
[    9.854439] systemd[1]: Listening on Journal Socket (/dev/log).
[[0;32m  OK  [0m] Listening on Journal Socket (/dev/log).
[    9.860578] systemd[1]: Set up automount Arbitrary Executable File Formats File System Automount Point.
[[0;32m  OK  [0m] Set up automount Arbitrary Executab...ats File System Automount Point.
[    9.870967] systemd[1]: Listening on LVM2 poll daemon socket.
[[0;32m  OK  [0m] Listening on LVM2 poll daemon socket.
[    9.877860] systemd[1]: Reached target User and Group Name Lookups.
[[0;32m  OK  [0m] Reached target User and Group Name Lookups.
[    9.885050] systemd[1]: Reached target System Time Synchronized.
[[0;32m  OK  [0m] Reached target System Time Synchronized.
[    9.892163] systemd[1]: Reached target Swap.
[[0;32m  OK  [0m] Reached target Swap.
[    9.897614] systemd[1]: Listening on udev Kernel Socket.
[[0;32m  OK  [0m] Listening on udev Kernel Socket.
[    9.903320] systemd[1]: Listening on udev Control Socket.
[[0;32m  OK  [0m] Listening on udev Control Socket.
[    9.909086] systemd[1]: Listening on Journal Audit Socket.
[[0;32m  OK  [0m] Listening on Journal Audit Socket.
[    9.915468] systemd[1]: Listening on Device-mapper event daemon FIFOs.
[[0;32m  OK  [0m] Listening on Device-mapper event daemon FIFOs.
[    9.923012] systemd[1]: Started Trigger resolvconf update for networkd DNS.
[[0;32m  OK  [0m] Started Trigger resolvconf update for networkd DNS.
[    9.930735] systemd[1]: Listening on Syslog Socket.
[[0;32m  OK  [0m] Listening on Syslog Socket.
[    9.936527] systemd[1]: Listening on fsck to fsckd communication Socket.
[[0;32m  OK  [0m] Listening on fsck to fsckd communication Socket.
[    9.943917] systemd[1]: Listening on /dev/initctl Compatibility Named Pipe.
[[0;32m  OK  [0m] Listening on /dev/initctl Compatibility Named Pipe.
[    9.952603] systemd[1]: Started Forward Password Requests to Wall Directory Watch.
[[0;32m  OK  [0m] Started Forward Password Requests to Wall Directory Watch.
[    9.962181] systemd[1]: Listening on LVM2 metadata daemon socket.
[[0;32m  OK  [0m] Listening on LVM2 metadata daemon socket.
[    9.968603] systemd[1]: Listening on Journal Socket.
[[0;32m  OK  [0m] Listening on Journal Socket.
[    9.975602] systemd[1]: Created slice System Slice.
[[0;32m  OK  [0m] Created slice System Slice.
[   10.002710] systemd[1]: Starting Uncomplicated firewall...
         Starting Uncomplicated firewall...
[   10.086606] systemd[1]: Starting Load Kernel Modules...
         Starting Load Kernel Modules...
[   10.095050] systemd[1]: Starting Nameserver information manager...
         Starting Nameserver information manager...
[   10.122432] systemd[1]: Mounting POSIX Message Queue File System...
         Mounting POSIX Message Queue File System...
[   10.130623] systemd[1]: Starting Create list of required static device nodes for the current kernel...
         Starting Create list of required st... nodes for the current kernel...
[   10.197073] systemd[1]: Reached target Slices.
[[0;32m  OK  [0m] Reached target Slices.
[   10.214686] systemd[1]: Starting Set console keymap...
         Starting Set console keymap...
[   10.223405] systemd[1]: Starting File System Check on Root Device...
         Starting File System Check on Root Device...
[   10.231303] systemd[1]: Starting Journal Service...
         Starting Journal Service...
[   10.237817] systemd[1]: Created slice system-serial\x2dgetty.slice.
[[0;32m  OK  [0m] Created slice system-serial\x2dgetty.slice.
[   10.247259] systemd[1]: Starting Monitoring of LVM2 mirrors, snapshots etc. using dmeventd or progress polling...
         Starting Monitoring of LVM2 mirrors... dmeventd or progress polling...
[   10.259634] systemd[1]: Mounting Huge Pages File System...
         Mounting Huge Pages File System...
[   10.268196] systemd[1]: Mounting Debug File System...
         Mounting Debug File System...
[   10.275831] systemd[1]: Reached target Encrypted Volumes.
[[0;32m  OK  [0m] Reached target Encrypted Volumes.
[   10.285778] Loading iSCSI transport class v2.0-870.
[   10.309204] systemd[1]: Mounted Huge Pages File System.
[[0;32m  OK  [0m] Mounted Huge Pages File System.
[   10.315258] systemd[1]: Mounted POSIX Message Queue File System.
[[0;32m  OK  [0m] Mounted POSIX Message Queue File System.
[   10.321985] systemd[1]: Mounted Debug File System.
[[0;32m  OK  [0m] Mounted Debug File System.
[   10.328664] systemd[1]: Started Uncomplicated firewall.
[[0;32m  OK  [0m] Started Uncomplicated firewall.
[   10.344083] systemd[1]: Started Create list of required static device nodes for the current kernel.
[[0;32m  OK  [0m] Started Create list of required sta...ce nodes for the current kernel.
[   10.370640] systemd[1]: Starting Create Static Device Nodes in /dev...
         Starting Create Static Device Nodes in /dev...
[   10.412389] iscsi: registered transport (tcp)
[   10.486264] systemd[1]: Started Nameserver information manager.
[[0;32m  OK  [0m] Started Nameserver information manager.
[   10.610735] systemd[1]: Started File System Check Daemon to report status.
[[0;32m  OK  [0m] Started File System Check Daemon to report status.
[   10.896987] systemd[1]: Started Set console keymap.
[[0;32m  OK  [0m] Started Set console keymap.
[   10.915736] systemd[1]: Started Journal Service.
[[0;32m  OK  [0m] Started Journal Service.
[   11.066045] iscsi: registered transport (iser)
[[0;32m  OK  [0m] Started Load Kernel Modules.
         Mounting FUSE Control File System...
         Starting Apply Kernel Variables...
[[0;32m  OK  [0m] Mounted FUSE Control File System.
[[0;32m  OK  [0m] Started LVM2 metadata daemon.
[[0;32m  OK  [0m] Started File System Check on Root Device.
         Starting Remount Root and Kernel File Systems...
[[0;32m  OK  [0m] Started Apply Kernel Variables.
[[0;32m  OK  [0m] Started Remount Root and Kernel File Systems.
         Starting Load/Save Random Seed...
         Starting Flush Journal to Persistent Storage...
         Starting udev Coldplug all Devices...
[[0;32m  OK  [0m] Started Load/Save Random Seed.
[[0;32m  OK  [0m] Started Flush Journal to Persistent Storage.
[[0;32m  OK  [0m] Started Create Static Device Nodes in /dev.
         Starting udev Kernel Device Manager...
[[0;32m  OK  [0m] Started udev Coldplug all Devices.
[[0;32m  OK  [0m] Started Monitoring of LVM2 mirrors,...ng dmeventd or progress polling.
[[0;32m  OK  [0m] Reached target Local File Systems (Pre).
[[0;32m  OK  [0m] Reached target Local File Systems.
         Starting Create Volatile Files and Directories...
         Starting Set console font and keymap...
         Starting LSB: AppArmor initialization...
         Starting Tell Plymouth To Write Out Runtime Data...
         Starting Initial cloud-init job (pre-networking)...
         Starting Commit a transient machine-id on disk...
[[0;32m  OK  [0m] Started Create Volatile Files and Directories.
         Starting Update UTMP about System Boot/Shutdown...
[[0;32m  OK  [0m] Started Commit a transient machine-id on disk.
[[0;32m  OK  [0m] Started Tell Plymouth To Write Out Runtime Data.
[[0;32m  OK  [0m] Started Update UTMP about System Boot/Shutdown.
[[0;32m  OK  [0m] Started udev Kernel Device Manager.
[[0;32m  OK  [0m] Started Dispatch Password Requests to Console Directory Watch.
[[0;32m  OK  [0m] Found device /dev/ttyS0.
[[0;32m  OK  [0m] Started Set console font and keymap.
[[0;32m  OK  [0m] Created slice system-getty.slice.
[[0;32m  OK  [0m] Listening on Load/Save RF Kill Switch Status /dev/rfkill Watch.
[[0;32m  OK  [0m] Started LSB: AppArmor initialization.
         Starting Load AppArmor profiles managed internally by snapd...
[[0;32m  OK  [0m] Started Load AppArmor profiles managed internally by snapd.
[   20.388302] cloud-init[484]: Cloud-init v. 21.1-19-gbad84ad4-0ubuntu1~16.04.2 running 'init-local' at Tue, 04 Oct 2022 07:20:40 +0000. Up 19.23 seconds.
[[0;32m  OK  [0m] Started Initial cloud-init job (pre-networking).
[[0;32m  OK  [0m] Reached target Network (Pre).
         Starting Raise network interfaces...
[[0;32m  OK  [0m] Started Raise network interfaces.
         Starting Initial cloud-init job (metadata service crawler)...
[[0;32m  OK  [0m] Reached target Network.
[   25.164198] cloud-init[955]: Cloud-init v. 21.1-19-gbad84ad4-0ubuntu1~16.04.2 running 'init' at Tue, 04 Oct 2022 07:20:43 +0000. Up 22.39 seconds.
[   25.169961] cloud-init[955]: ci-info: ++++++++++++++++++++++++++++++++++++++Net device info++++++++++++++++++++++++++++++++++++++
[   25.175447] cloud-init[955]: ci-info: +--------+------+----------------------------+---------------+--------+-------------------+
[   25.180904] cloud-init[955]: ci-info: | Device |  Up  |          Address           |      Mask     | Scope  |     Hw-Address    |
[   25.186367] cloud-init[955]: ci-info: +--------+------+----------------------------+---------------+--------+-------------------+
[   25.192390] cloud-init[955]: ci-info: | enp0s3 | True |         10.0.2.15          | 255.255.255.0 | global | 02:be:82:6b:cc:1d |
[   25.197797] cloud-init[955]: ci-info: | enp0s3 | True | fe80::be:82ff:fe6b:cc1d/64 |       .       |  link  | 02:be:82:6b:cc:1d |
[   25.212871] cloud-init[955]: ci-info: |   lo   | True |         127.0.0.1          |   255.0.0.0   |  host  |         .         |
[   25.218037] cloud-init[955]: ci-info: |   lo   | True |          ::1/128           |       .       |  host  |         .         |
[   25.223837] cloud-init[955]: ci-info: +--------+------+----------------------------+---------------+--------+-------------------+
[   25.229453] cloud-init[955]: ci-info: +++++++++++++++++++++++++++Route IPv4 info++++++++++++++++++++++++++++
[   25.234253] cloud-init[955]: ci-info: +-------+-------------+----------+---------------+-----------+-------+
[   25.244894] cloud-init[955]: ci-info: | Route | Destination | Gateway  |    Genmask    | Interface | Flags |
[   25.260963] cloud-init[955]: ci-info: +-------+-------------+----------+---------------+-----------+-------+
[   25.265999] cloud-init[955]: ci-info: |   0   |   0.0.0.0   | 10.0.2.2 |    0.0.0.0    |   enp0s3  |   UG  |
[   25.280787] cloud-init[955]: ci-info: |   1   |   10.0.2.0  | 0.0.0.0  | 255.255.255.0 |   enp0s3  |   U   |
[[0;32m  OK  [0m] Started Initial cloud-init job (metadata service crawler).
[   25.290662] [[0;32m  OK  [0m] Reached target Network is Online.
cloud-init[955]: ci-info: +-------+-------------+----------+---------------+-----------+-------+
[   25.296441] cloud-init[955]: ci-info: +++++++++++++++++++Route IPv6 info+++++++++++++++++++
[   25.299345] cloud-init[955]: ci-info: +-------+-------------+---------+-----------+-------+
[   25.303667] cloud-init[955]: ci-info: | Route | Destination | Gateway | Interface | Flags |
[   25.307941] cloud-init[955]: ci-info: +-------+-------------+---------+-----------+-------+
[   25.312351]          Starting iSCSI initiator daemon (iscsid)...
[[0;32m  OK  [0m] Reached target System Initialization.
[[0;32m  OK  [0m] Listening on ACPID Listen Socket.
cloud-init[955]: ci-info: |   0   |  fe80::/64  |    ::   |   enp0s3  |   U   |
[   25.321933] cloud-init[955]: ci-info: |   4   |   ff00::/8  |    ::   |   enp0s3  |   U   |
[   25.326168] cloud-init[955]: ci-info: +-------+-------------+---------+-----------+-------+
[   25.330268] cloud-init[955]: Generating public/private rsa key pair.[[0;32m  OK  [0m] Started ACPI Events Check.

[[0;32m  OK  [0m] Reached target Paths.
[   25.333332] cloud-init[955]: Your identification has been saved in /etc/ssh/ssh_host_rsa_key.
[   25.415163] cloud-init[955]: Your public key has been saved in /etc/ssh/ssh_host_rsa_key.pub.
[   25.419410] cloud-init[955]: The key fingerprint is:
[   25.422408] cloud-init[955]: SHA256:TRI6a+2UDOwsY6Lh1mjUvmc8/awmVOyOpA8OX0AqJCo root@ubuntu-xenial
[   25.427388] cloud-init[955]: The key's randomart image is:
[   25.430647] cloud-init[955]: +---[RSA 2048]----+
[   25.433502] cloud-init[955]: |        .        |
[   25.436652]          Starting LXD - unix socket.
[[0;32m  OK  [0m] Started Ubuntu Advantage update messaging.
[[0;32m  OK  [0m] Started Daily apt download activities.
         Starting Socket activation for snappy daemon.
cloud-init[955]: |     . . .       |
[   25.447008] [[0;32m  OK  [0m] Listening on D-Bus System Message Bus Socket.
[[0;32m  OK  [0m] Started Daily apt upgrade and clean activities.
[[0;32m  OK  [0m] Listening on UUID daemon activation socket.
cloud-init[955]: |.. .  * . .      |
[   25.454494] [[0;32m  OK  [0m] Started Daily Cleanup of Temporary Directories.
[[0;32m  OK  [0m] Started Message of the Day.
cloud-init[955]: |+ +  o O =       |
[   25.461705] [[0;32m  OK  [0m] Reached target Timers.
[[0;32m  OK  [0m] Reached target Cloud-config availability.
cloud-init[955]: |Eo.o+ B S .      |
[   25.468507] cloud-init[955]: |=o+o.* +         |
[   25.471574] cloud-init[955]: |.* +=.+ .        |
[   25.474240] cloud-init[955]: |o +.+B +.        |
[   25.477102] cloud-init[955]: |   ++.+.oo       |
[   25.480832] [[0;32m  OK  [0m] Listening on LXD - unix socket.
[[0;32m  OK  [0m] Listening on Socket activation for snappy daemon.
[[0;32m  OK  [0m] Reached target Sockets.
[[0;32m  OK  [0m] Reached target Basic System.
cloud-init[955]: +----[SHA256]-----+
[   25.490170]          Starting LXD - container startup/shutdown...
cloud-init[955]: Generating public/private dsa key pair.
[   25.496436] cloud-init[955]: Your identification has been saved in /etc/ssh/ssh_host_dsa_key.
[   25.500017] cloud-init[955]: Your public key has been saved in /etc/ssh/ssh_host_dsa_key.pub.
[   25.503295] cloud-init[955]: The key fingerprint is:
[   25.505686] cloud-init[955]: SHA256:TLhiC9U+zbjAHBF2ns0x1UKJDXzbhQQsexvOue8kwH8 root@ubuntu-xenial
[   25.509778] cloud-init[955]: The key's randomart image is:
[   25.512567] cloud-init[955]: +---[DSA 1024]----+
[   25.515177] cloud-init[955]: |    +...+B+=..   |
[   25.517385] cloud-init[955]: |   . = =+o* o .  |
[   25.519590] cloud-init[955]: |    o = ++ + .   |
[   25.526255] cloud-init[955]: |   + o O. + .    |
[   25.528579] cloud-init[955]: |  . * = S+ +     |
[   25.531477] cloud-init[955]: |   o + o o=      |
         Starting Pollinate to seed the pseudo random number generator...
         [   25.538359] cloud-init[955]: |    . .   o.E    |
[   25.538549] cloud-init[955]: |          .+     |
[   25.540476] cloud-init[955]: |           oo    |
[   25.541161] cloud-init[955]: +----[SHA256]-----+
[   25.543092] cloud-init[955]: Generating public/private ecdsa key pair.
Starting Login Service...
         Starting Accounts Service...
         Starting Virtualbox guest utils...
[   25.554646] [[0;32m  OK  [0m] Started Deferred execution scheduler.
cloud-init[955]: Your identification has been saved in /etc/ssh/ssh_host_ecdsa_key.
[   25.572678] cloud-init[955]: Your public key has been saved in /etc/ssh/ssh_host_ecdsa_key.pub.
[   25.577964] [[0;32m  OK  [0m] Started FUSE filesystem for LXC.
cloud-init[955]: The key fingerprint is:
         Starting LSB: MD monitoring daemon...
         Starting LSB: Record successful boot for GRUB...
[   25.584305] cloud-init[955]: SHA256:Qh7+uqMuIYadYWnQWLKYWC/9eyFmSRx+STiVQ8C4rg8 root@ubuntu-xenial
[   25.612169] cloud-init[955]: The key's randomart image is:
[   25.615321] cloud-init[955]: +---[ECDSA 256]---+
[   25.618159] cloud-init[955]: |.+o  oo=+.       |
[   25.621894] cloud-init[955]: |==.o.o+oo.       |
[   25.624523] cloud-init[955]: |=...o.*.o.       |
[   25.627566] cloud-init[955]: |  =..* +         |
[   25.630494] cloud-init[955]: |.+ +  X S        |
[   25.633436] cloud-init[955]: |o.+ .o = .       |
[   25.639092] [[0;32m  OK  [0m] Started ACPI event daemon.
cloud-init[955]:          Starting System Logging Service...
|..Eo  . o        |
[   25.652749]          cloud-init[955]: |  o.  .o         |
Starting /etc/rc.local Compatibility...
[   25.654427] cloud-init[955]: |   ++.oo         |
[   25.664971] cloud-init[955]: +----[SHA256]-----+
[   25.672635] cloud-init[955]: Generating public/private ed25519 key pair.
[   25.678646] cloud-init[955]: Your identification has been saved in /etc/ssh/ssh_host_ed25519_key.
[   25.688720] cloud-init[955]: Your public key has been saved in /etc/ssh/ssh_host_ed25519_key.pub.
[   25.691953] cloud-init[955]: The key fingerprint is:
[   25.694473] cloud-init[955]: SHA256:JRc+m9KDyhA3K3SWdX7Y8rXQhhAuOLnAIIJ9fJMIEZw root@ubuntu-xenial
[   25.698190] cloud-init[955]: The key's randomart image is:
[   25.700796] cloud-init[955]: +--[ED25519 256]--+
[   25.703080] cloud-init[955]: |+o=* . .. =.     |
[   25.705966] cloud-init[955]: |o.Eo+ += = = o   |
[   25.709141] cloud-init[955]: |   .=.X.o X = +  |
[   25.711831] cloud-init[955]: |   . * = B B + . |
[   25.714459] cloud-init[955]: |    o o S = . .  |
[   25.724606] cloud-init[955]: |     + . . .     |
[   25.728399] cloud-init[955]: |      o          |
[   25.731077] cloud-init[955]: |                 |
         Starting Snap Daemon...
[   25.735391] cloud-init[955]: |                 |
[   25.742229] cloud-init[955]: +----[SHA256]-----+
[[0;32m  OK  [0m] Started D-Bus System Message Bus.
[[0;32m  OK  [0m] Started Regular background program processing daemon.
[[0;32m  OK  [0m] Started System Logging Service.
[[0;32m  OK  [0m] Started iSCSI initiator daemon (iscsid).
[[0;32m  OK  [0m] Started /etc/rc.local Compatibility.
         Starting Login to default iSCSI targets...
[[0;32m  OK  [0m] Started Login Service.
[[0;32m  OK  [0m] Started Unattended Upgrades Shutdown.
[[0;32m  OK  [0m] Started LSB: Record successful boot for GRUB.
[[0;32m  OK  [0m] Started LSB: MD monitoring daemon.
         Starting Authenticate and Authorize Users to Run Privileged Tasks...
[[0;32m  OK  [0m] Started Login to default iSCSI targets.
[[0;32m  OK  [0m] Reached target Remote File Systems (Pre).
[[0;32m  OK  [0m] Reached target Remote File Systems.
         Starting LSB: daemon to balance interrupts for SMP systems...
         Starting LSB: automatic crash report generation...
         Starting LSB: Set the CPU Frequency Scaling governor to "ondemand"...
         Starting Permit User Sessions...
[[0;32m  OK  [0m] Started LSB: Set the CPU Frequency Scaling governor to "ondemand".
[[0;32m  OK  [0m] Started Permit User Sessions.
         Starting Terminate Plymouth Boot Screen...
         Starting Hold until boot process finishes up...
[[0;32m  OK  [0m] Started Hold until boot process finishes up.
[[0;32m  OK  [0m] Started Terminate Plymouth Boot Screen.
[[0;32m  OK  [0m] Started Getty on tty1.
         Starting Set console scheme...
[[0;32m  OK  [0m] Started Serial Getty on ttyS0.
[[0;32m  OK  [0m] Reached target Login Prompts.
[[0;32m  OK  [0m] Started Set console scheme.
[[0;32m  OK  [0m] Started LSB: daemon to balance interrupts for SMP systems.
[[0;32m  OK  [0m] Started LSB: automatic crash report generation.
[[0;32m  OK  [0m] Started Authenticate and Authorize Users to Run Privileged Tasks.
[[0;32m  OK  [0m] Started Accounts Service.
[[0;32m  OK  [0m] Started Virtualbox guest utils.
[[0;32m  OK  [0m] Started LXD - container startup/shutdown.
[[0;32m  OK  [0m] Started Snap Daemon.
         Starting Wait until snapd is fully seeded...
[[0;32m  OK  [0m] Started Wait until snapd is fully seeded.
         Starting Apply the settings specified in cloud-config...

Ubuntu 16.04.7 LTS ubuntu-xenial ttyS0

ubuntu-xenial login: [   35.697715] cloud-init[1284]: Generating locales (this might take a while)...
[   39.401324] cloud-init[1284]:   en_US.UTF-8... done
[   39.403071] cloud-init[1284]: Generation complete.
[   42.303733] cloud-init[1284]: Cloud-init v. 21.1-19-gbad84ad4-0ubuntu1~16.04.2 running 'modules:config' at Tue, 04 Oct 2022 07:20:55 +0000. Up 35.18 seconds.
ci-info: no authorized SSH keys fingerprints found for user ubuntu.
<14>Oct  4 07:21:04 ec2: 
<14>Oct  4 07:21:04 ec2: #############################################################
<14>Oct  4 07:21:04 ec2: -----BEGIN SSH HOST KEY FINGERPRINTS-----
<14>Oct  4 07:21:04 ec2: 1024 SHA256:TLhiC9U+zbjAHBF2ns0x1UKJDXzbhQQsexvOue8kwH8 root@ubuntu-xenial (DSA)
<14>Oct  4 07:21:04 ec2: 256 SHA256:Qh7+uqMuIYadYWnQWLKYWC/9eyFmSRx+STiVQ8C4rg8 root@ubuntu-xenial (ECDSA)
<14>Oct  4 07:21:04 ec2: 256 SHA256:JRc+m9KDyhA3K3SWdX7Y8rXQhhAuOLnAIIJ9fJMIEZw root@ubuntu-xenial (ED25519)
<14>Oct  4 07:21:04 ec2: 2048 SHA256:TRI6a+2UDOwsY6Lh1mjUvmc8/awmVOyOpA8OX0AqJCo root@ubuntu-xenial (RSA)
<14>Oct  4 07:21:04 ec2: -----END SSH HOST KEY FINGERPRINTS-----
<14>Oct  4 07:21:04 ec2: #############################################################
-----BEGIN SSH HOST KEY KEYS-----
ecdsa-sha2-nistp256 AAAAE2VjZHNhLXNoYTItbmlzdHAyNTYAAAAIbmlzdHAyNTYAAABBBCYrpgEyFa2F9XfWjnqQpqIMptL3TzIr5uB7Xu+A7wtl3bV0SBB073DdHaUT1Qke8PiNXuhzkVtNoAnmSLAGHFw= root@ubuntu-xenial
ssh-ed25519 AAAAC3NzaC1lZDI1NTE5AAAAIHqd5ixBF2WZANoQkKgTKVzawObrRGD9q5vXjWcwOjOv root@ubuntu-xenial
ssh-rsa AAAAB3NzaC1yc2EAAAADAQABAAABAQDDKEzTjJbMQaKZDvwhSbRSpYQ0d2hXY3D6XL1WsWlRQTwj+CoPt9kl3oVE7Mh/c2yDTaZVWjwdqQsTW15+ImmvvjiBoBFFrYkMo3NxJReglNCmmZnC1JqbzF1c4BUJofPYHRFjXbV00AT/TrBQf98jj/JsAQjDKIPiulbO1uNl7yBDM1EsZKHBkDxrpUb/wAqVuwTYqZv0aSy2suyMU0kRia3f1uNNu2drLiVbELmZv2oQs0p7572QsTSqzFxce9RbhPLpFQ69WaJUw3vWgmziNY/POvT5QZklrFTyIfKticm50A4WSBa1FzA9czDs+sFsd1fl+OhIxNMRdYgpmfrd root@ubuntu-xenial
-----END SSH HOST KEY KEYS-----
[   44.283579] cloud-init[1356]: Cloud-init v. 21.1-19-gbad84ad4-0ubuntu1~16.04.2 running 'modules:final' at Tue, 04 Oct 2022 07:21:04 +0000. Up 43.57 seconds.
[   44.284394] cloud-init[1356]: ci-info: no authorized SSH keys fingerprints found for user ubuntu.
[   44.284818] cloud-init[1356]: Cloud-init v. 21.1-19-gbad84ad4-0ubuntu1~16.04.2 finished at Tue, 04 Oct 2022 07:21:05 +0000. Datasource DataSourceNoCloud [seed=/dev/sdb][dsmode=net].  Up 44.24 seconds
